{"D:\\DevProjects\\Webstorm_Projects\\LearningProjects\\cloud-humans-backend-test\\src\\app.ts": {"path":"D:\\DevProjects\\Webstorm_Projects\\LearningProjects\\cloud-humans-backend-test\\src\\app.ts","statementMap":{"0":{"start":{"line":1,"column":0},"end":{"line":1,"column":47}},"1":{"start":{"line":3,"column":0},"end":{"line":3,"column":52}},"2":{"start":{"line":4,"column":0},"end":{"line":4,"column":52}},"3":{"start":{"line":11,"column":4},"end":{"line":11,"column":25}},"4":{"start":{"line":12,"column":4},"end":{"line":12,"column":29}},"5":{"start":{"line":14,"column":4},"end":{"line":14,"column":33}},"6":{"start":{"line":15,"column":4},"end":{"line":15,"column":44}},"7":{"start":{"line":16,"column":4},"end":{"line":16,"column":35}},"8":{"start":{"line":20,"column":4},"end":{"line":20,"column":49}},"9":{"start":{"line":21,"column":4},"end":{"line":21,"column":null}},"10":{"start":{"line":25,"column":4},"end":{"line":27,"column":7}},"11":{"start":{"line":26,"column":6},"end":{"line":26,"column":43}},"12":{"start":{"line":31,"column":4},"end":{"line":31,"column":31}},"13":{"start":{"line":35,"column":4},"end":{"line":37,"column":7}},"14":{"start":{"line":36,"column":6},"end":{"line":36,"column":88}},"15":{"start":{"line":41,"column":4},"end":{"line":41,"column":20}},"16":{"start":{"line":6,"column":0},"end":{"line":6,"column":21}}},"fnMap":{"0":{"name":"(anonymous_1)","decl":{"start":{"line":10,"column":2},"end":{"line":10,"column":14}},"loc":{"start":{"line":10,"column":59},"end":{"line":17,"column":3}}},"1":{"name":"(anonymous_2)","decl":{"start":{"line":19,"column":10},"end":{"line":19,"column":31}},"loc":{"start":{"line":19,"column":31},"end":{"line":22,"column":3}}},"2":{"name":"(anonymous_3)","decl":{"start":{"line":24,"column":10},"end":{"line":24,"column":31}},"loc":{"start":{"line":24,"column":62},"end":{"line":28,"column":3}}},"3":{"name":"(anonymous_4)","decl":{"start":{"line":25,"column":24},"end":{"line":25,"column":25}},"loc":{"start":{"line":25,"column":51},"end":{"line":27,"column":5}}},"4":{"name":"(anonymous_5)","decl":{"start":{"line":30,"column":10},"end":{"line":30,"column":33}},"loc":{"start":{"line":30,"column":33},"end":{"line":32,"column":3}}},"5":{"name":"(anonymous_6)","decl":{"start":{"line":34,"column":9},"end":{"line":34,"column":15}},"loc":{"start":{"line":34,"column":15},"end":{"line":38,"column":3}}},"6":{"name":"(anonymous_7)","decl":{"start":{"line":35,"column":31},"end":{"line":35,"column":34}},"loc":{"start":{"line":35,"column":36},"end":{"line":37,"column":5}}},"7":{"name":"(anonymous_8)","decl":{"start":{"line":40,"column":2},"end":{"line":40,"column":11}},"loc":{"start":{"line":40,"column":11},"end":{"line":42,"column":3}}}},"branchMap":{"0":{"loc":{"start":{"line":12,"column":16},"end":{"line":12,"column":20}},"type":"binary-expr","locations":[{"start":{"line":12,"column":16},"end":{"line":12,"column":20}},{"start":{"line":12,"column":24},"end":{"line":12,"column":28}}]}},"s":{"0":1,"1":1,"2":1,"3":17,"4":17,"5":17,"6":17,"7":17,"8":17,"9":17,"10":17,"11":17,"12":17,"13":0,"14":0,"15":17,"16":1},"f":{"0":17,"1":17,"2":17,"3":17,"4":17,"5":0,"6":0,"7":17},"b":{"0":[17,17]}}
,"D:\\DevProjects\\Webstorm_Projects\\LearningProjects\\cloud-humans-backend-test\\src\\controllers\\profiles.controller.ts": {"path":"D:\\DevProjects\\Webstorm_Projects\\LearningProjects\\cloud-humans-backend-test\\src\\controllers\\profiles.controller.ts","statementMap":{"0":{"start":{"line":1,"column":0},"end":{"line":1,"column":49}},"1":{"start":{"line":2,"column":0},"end":{"line":2,"column":66}},"2":{"start":{"line":4,"column":0},"end":{"line":4,"column":61}},"3":{"start":{"line":5,"column":0},"end":{"line":5,"column":68}},"4":{"start":{"line":6,"column":0},"end":{"line":6,"column":56}},"5":{"start":{"line":7,"column":0},"end":{"line":7,"column":80}},"6":{"start":{"line":9,"column":0},"end":{"line":9,"column":52}},"7":{"start":{"line":12,"column":2},"end":{"line":18,"column":null}},"8":{"start":{"line":13,"column":4},"end":{"line":13,"column":14}},"9":{"start":{"line":14,"column":9},"end":{"line":18,"column":null}},"10":{"start":{"line":15,"column":4},"end":{"line":15,"column":13}},"11":{"start":{"line":17,"column":4},"end":{"line":17,"column":13}},"12":{"start":{"line":22,"column":9},"end":{"line":22,"column":28}},"13":{"start":{"line":23,"column":9},"end":{"line":23,"column":27}},"14":{"start":{"line":25,"column":10},"end":{"line":25,"column":48}},"15":{"start":{"line":26,"column":10},"end":{"line":26,"column":40}},"16":{"start":{"line":29,"column":4},"end":{"line":29,"column":28}},"17":{"start":{"line":33,"column":4},"end":{"line":35,"column":7}},"18":{"start":{"line":37,"column":4},"end":{"line":47,"column":7}},"19":{"start":{"line":51,"column":4},"end":{"line":51,"column":41}},"20":{"start":{"line":55,"column":4},"end":{"line":55,"column":59}},"21":{"start":{"line":56,"column":4},"end":{"line":56,"column":19}},"22":{"start":{"line":60,"column":4},"end":{"line":62,"column":null}},"23":{"start":{"line":61,"column":6},"end":{"line":61,"column":108}},"24":{"start":{"line":63,"column":4},"end":{"line":63,"column":26}},"25":{"start":{"line":64,"column":4},"end":{"line":64,"column":19}},"26":{"start":{"line":68,"column":4},"end":{"line":72,"column":null}},"27":{"start":{"line":69,"column":6},"end":{"line":69,"column":29}},"28":{"start":{"line":70,"column":11},"end":{"line":72,"column":null}},"29":{"start":{"line":71,"column":6},"end":{"line":71,"column":29}},"30":{"start":{"line":73,"column":4},"end":{"line":73,"column":19}},"31":{"start":{"line":77,"column":4},"end":{"line":79,"column":null}},"32":{"start":{"line":78,"column":6},"end":{"line":78,"column":29}},"33":{"start":{"line":80,"column":4},"end":{"line":82,"column":null}},"34":{"start":{"line":81,"column":6},"end":{"line":81,"column":29}},"35":{"start":{"line":83,"column":4},"end":{"line":83,"column":19}},"36":{"start":{"line":87,"column":4},"end":{"line":91,"column":null}},"37":{"start":{"line":88,"column":6},"end":{"line":88,"column":29}},"38":{"start":{"line":89,"column":11},"end":{"line":91,"column":null}},"39":{"start":{"line":90,"column":6},"end":{"line":90,"column":29}},"40":{"start":{"line":93,"column":4},"end":{"line":97,"column":null}},"41":{"start":{"line":94,"column":6},"end":{"line":94,"column":29}},"42":{"start":{"line":95,"column":11},"end":{"line":97,"column":null}},"43":{"start":{"line":96,"column":6},"end":{"line":96,"column":29}},"44":{"start":{"line":98,"column":4},"end":{"line":98,"column":19}},"45":{"start":{"line":102,"column":4},"end":{"line":108,"column":null}},"46":{"start":{"line":103,"column":6},"end":{"line":103,"column":29}},"47":{"start":{"line":104,"column":11},"end":{"line":108,"column":null}},"48":{"start":{"line":105,"column":6},"end":{"line":105,"column":29}},"49":{"start":{"line":107,"column":6},"end":{"line":107,"column":29}},"50":{"start":{"line":109,"column":4},"end":{"line":109,"column":19}},"51":{"start":{"line":113,"column":4},"end":{"line":115,"column":null}},"52":{"start":{"line":114,"column":8},"end":{"line":114,"column":31}},"53":{"start":{"line":116,"column":4},"end":{"line":116,"column":19}},"54":{"start":{"line":120,"column":30},"end":{"line":120,"column":72}},"55":{"start":{"line":121,"column":4},"end":{"line":121,"column":51}},"56":{"start":{"line":123,"column":23},"end":{"line":128,"column":6}},"57":{"start":{"line":130,"column":4},"end":{"line":132,"column":21}},"58":{"start":{"line":131,"column":27},"end":{"line":131,"column":64}},"59":{"start":{"line":133,"column":4},"end":{"line":135,"column":38}},"60":{"start":{"line":134,"column":29},"end":{"line":134,"column":66}},"61":{"start":{"line":135,"column":24},"end":{"line":135,"column":36}},"62":{"start":{"line":136,"column":4},"end":{"line":138,"column":38}},"63":{"start":{"line":137,"column":29},"end":{"line":137,"column":67}},"64":{"start":{"line":138,"column":24},"end":{"line":138,"column":36}},"65":{"start":{"line":140,"column":4},"end":{"line":140,"column":47}},"66":{"start":{"line":21,"column":0},"end":{"line":21,"column":13}}},"fnMap":{"0":{"name":"sortProjectsDescending","decl":{"start":{"line":11,"column":9},"end":{"line":11,"column":31}},"loc":{"start":{"line":11,"column":54},"end":{"line":19,"column":1}}},"1":{"name":"(anonymous_1)","decl":{"start":{"line":28,"column":2},"end":{"line":28,"column":null}},"loc":{"start":{"line":28,"column":2},"end":{"line":30,"column":3}}},"2":{"name":"(anonymous_2)","decl":{"start":{"line":32,"column":9},"end":{"line":32,"column":25}},"loc":{"start":{"line":32,"column":25},"end":{"line":48,"column":3}}},"3":{"name":"(anonymous_3)","decl":{"start":{"line":50,"column":10},"end":{"line":50,"column":24}},"loc":{"start":{"line":50,"column":75},"end":{"line":52,"column":3}}},"4":{"name":"(anonymous_4)","decl":{"start":{"line":54,"column":10},"end":{"line":54,"column":23}},"loc":{"start":{"line":54,"column":74},"end":{"line":57,"column":3}}},"5":{"name":"(anonymous_5)","decl":{"start":{"line":59,"column":10},"end":{"line":59,"column":21}},"loc":{"start":{"line":59,"column":72},"end":{"line":65,"column":3}}},"6":{"name":"(anonymous_6)","decl":{"start":{"line":67,"column":10},"end":{"line":67,"column":32}},"loc":{"start":{"line":67,"column":83},"end":{"line":74,"column":3}}},"7":{"name":"(anonymous_7)","decl":{"start":{"line":76,"column":10},"end":{"line":76,"column":36}},"loc":{"start":{"line":76,"column":87},"end":{"line":84,"column":3}}},"8":{"name":"(anonymous_8)","decl":{"start":{"line":86,"column":10},"end":{"line":86,"column":31}},"loc":{"start":{"line":86,"column":82},"end":{"line":99,"column":3}}},"9":{"name":"(anonymous_9)","decl":{"start":{"line":101,"column":10},"end":{"line":101,"column":30}},"loc":{"start":{"line":101,"column":81},"end":{"line":110,"column":3}}},"10":{"name":"(anonymous_10)","decl":{"start":{"line":112,"column":10},"end":{"line":112,"column":30}},"loc":{"start":{"line":112,"column":81},"end":{"line":117,"column":3}}},"11":{"name":"(anonymous_11)","decl":{"start":{"line":119,"column":10},"end":{"line":119,"column":31}},"loc":{"start":{"line":119,"column":82},"end":{"line":141,"column":3}}},"12":{"name":"(anonymous_12)","decl":{"start":{"line":131,"column":14},"end":{"line":131,"column":15}},"loc":{"start":{"line":131,"column":27},"end":{"line":131,"column":64}}},"13":{"name":"(anonymous_13)","decl":{"start":{"line":134,"column":16},"end":{"line":134,"column":17}},"loc":{"start":{"line":134,"column":29},"end":{"line":134,"column":66}}},"14":{"name":"(anonymous_14)","decl":{"start":{"line":135,"column":13},"end":{"line":135,"column":20}},"loc":{"start":{"line":135,"column":24},"end":{"line":135,"column":36}}},"15":{"name":"(anonymous_15)","decl":{"start":{"line":137,"column":16},"end":{"line":137,"column":17}},"loc":{"start":{"line":137,"column":29},"end":{"line":137,"column":67}}},"16":{"name":"(anonymous_16)","decl":{"start":{"line":138,"column":13},"end":{"line":138,"column":20}},"loc":{"start":{"line":138,"column":24},"end":{"line":138,"column":36}}}},"branchMap":{"0":{"loc":{"start":{"line":12,"column":2},"end":{"line":18,"column":null}},"type":"if","locations":[{"start":{"line":12,"column":2},"end":{"line":18,"column":null}},{"start":{"line":12,"column":2},"end":{"line":18,"column":null}}]},"1":{"loc":{"start":{"line":14,"column":9},"end":{"line":18,"column":null}},"type":"if","locations":[{"start":{"line":14,"column":9},"end":{"line":18,"column":null}},{"start":{"line":14,"column":9},"end":{"line":18,"column":null}}]},"2":{"loc":{"start":{"line":60,"column":4},"end":{"line":62,"column":null}},"type":"if","locations":[{"start":{"line":60,"column":4},"end":{"line":62,"column":null}},{"start":{"line":60,"column":4},"end":{"line":62,"column":null}}]},"3":{"loc":{"start":{"line":68,"column":4},"end":{"line":72,"column":null}},"type":"if","locations":[{"start":{"line":68,"column":4},"end":{"line":72,"column":null}},{"start":{"line":68,"column":4},"end":{"line":72,"column":null}}]},"4":{"loc":{"start":{"line":70,"column":11},"end":{"line":72,"column":null}},"type":"if","locations":[{"start":{"line":70,"column":11},"end":{"line":72,"column":null}},{"start":{"line":70,"column":11},"end":{"line":72,"column":null}}]},"5":{"loc":{"start":{"line":77,"column":4},"end":{"line":79,"column":null}},"type":"if","locations":[{"start":{"line":77,"column":4},"end":{"line":79,"column":null}},{"start":{"line":77,"column":4},"end":{"line":79,"column":null}}]},"6":{"loc":{"start":{"line":80,"column":4},"end":{"line":82,"column":null}},"type":"if","locations":[{"start":{"line":80,"column":4},"end":{"line":82,"column":null}},{"start":{"line":80,"column":4},"end":{"line":82,"column":null}}]},"7":{"loc":{"start":{"line":87,"column":4},"end":{"line":91,"column":null}},"type":"if","locations":[{"start":{"line":87,"column":4},"end":{"line":91,"column":null}},{"start":{"line":87,"column":4},"end":{"line":91,"column":null}}]},"8":{"loc":{"start":{"line":89,"column":11},"end":{"line":91,"column":null}},"type":"if","locations":[{"start":{"line":89,"column":11},"end":{"line":91,"column":null}},{"start":{"line":89,"column":11},"end":{"line":91,"column":null}}]},"9":{"loc":{"start":{"line":93,"column":4},"end":{"line":97,"column":null}},"type":"if","locations":[{"start":{"line":93,"column":4},"end":{"line":97,"column":null}},{"start":{"line":93,"column":4},"end":{"line":97,"column":null}}]},"10":{"loc":{"start":{"line":95,"column":11},"end":{"line":97,"column":null}},"type":"if","locations":[{"start":{"line":95,"column":11},"end":{"line":97,"column":null}},{"start":{"line":95,"column":11},"end":{"line":97,"column":null}}]},"11":{"loc":{"start":{"line":102,"column":4},"end":{"line":108,"column":null}},"type":"if","locations":[{"start":{"line":102,"column":4},"end":{"line":108,"column":null}},{"start":{"line":102,"column":4},"end":{"line":108,"column":null}}]},"12":{"loc":{"start":{"line":104,"column":11},"end":{"line":108,"column":null}},"type":"if","locations":[{"start":{"line":104,"column":11},"end":{"line":108,"column":null}},{"start":{"line":104,"column":11},"end":{"line":108,"column":null}}]},"13":{"loc":{"start":{"line":113,"column":4},"end":{"line":115,"column":null}},"type":"if","locations":[{"start":{"line":113,"column":4},"end":{"line":115,"column":null}},{"start":{"line":113,"column":4},"end":{"line":115,"column":null}}]},"14":{"loc":{"start":{"line":113,"column":8},"end":{"line":113,"column":61}},"type":"binary-expr","locations":[{"start":{"line":113,"column":8},"end":{"line":113,"column":61}},{"start":{"line":113,"column":65},"end":{"line":113,"column":114}}]},"15":{"loc":{"start":{"line":130,"column":36},"end":{"line":132,"column":14}},"type":"binary-expr","locations":[{"start":{"line":130,"column":36},"end":{"line":132,"column":14}},{"start":{"line":132,"column":18},"end":{"line":132,"column":20}}]}},"s":{"0":1,"1":1,"2":1,"3":1,"4":1,"5":1,"6":1,"7":48,"8":0,"9":48,"10":48,"11":0,"12":17,"13":17,"14":17,"15":17,"16":17,"17":17,"18":17,"19":0,"20":17,"21":17,"22":17,"23":1,"24":16,"25":16,"26":16,"27":1,"28":15,"29":1,"30":16,"31":16,"32":2,"33":16,"34":2,"35":16,"36":16,"37":1,"38":15,"39":1,"40":16,"41":1,"42":15,"43":1,"44":16,"45":16,"46":1,"47":15,"48":15,"49":0,"50":16,"51":16,"52":1,"53":16,"54":16,"55":16,"56":16,"57":16,"58":59,"59":16,"60":64,"61":9,"62":16,"63":64,"64":55,"65":16,"66":1},"f":{"0":48,"1":17,"2":17,"3":0,"4":17,"5":17,"6":16,"7":16,"8":16,"9":16,"10":16,"11":16,"12":59,"13":64,"14":9,"15":64,"16":55},"b":{"0":[0,48],"1":[48,0],"2":[1,16],"3":[1,15],"4":[1,14],"5":[2,14],"6":[2,14],"7":[1,15],"8":[1,14],"9":[1,15],"10":[1,14],"11":[1,15],"12":[15,0],"13":[1,15],"14":[16,1],"15":[16,12]}}
,"D:\\DevProjects\\Webstorm_Projects\\LearningProjects\\cloud-humans-backend-test\\src\\models\\profile\\internet-test.ts": {"path":"D:\\DevProjects\\Webstorm_Projects\\LearningProjects\\cloud-humans-backend-test\\src\\models\\profile\\internet-test.ts","statementMap":{"0":{"start":{"line":1,"column":0},"end":{"line":1,"column":60}},"1":{"start":{"line":7,"column":2},"end":{"line":7,"column":null}},"2":{"start":{"line":12,"column":2},"end":{"line":12,"column":null}},"3":{"start":{"line":3,"column":0},"end":{"line":3,"column":13}}},"fnMap":{},"branchMap":{},"s":{"0":1,"1":1,"2":1,"3":1},"f":{},"b":{}}
,"D:\\DevProjects\\Webstorm_Projects\\LearningProjects\\cloud-humans-backend-test\\src\\models\\profile\\past-experiences.ts": {"path":"D:\\DevProjects\\Webstorm_Projects\\LearningProjects\\cloud-humans-backend-test\\src\\models\\profile\\past-experiences.ts","statementMap":{"0":{"start":{"line":1,"column":0},"end":{"line":1,"column":44}},"1":{"start":{"line":5,"column":2},"end":{"line":5,"column":null}},"2":{"start":{"line":7,"column":2},"end":{"line":7,"column":null}},"3":{"start":{"line":3,"column":0},"end":{"line":3,"column":13}}},"fnMap":{},"branchMap":{},"s":{"0":1,"1":1,"2":1,"3":1},"f":{},"b":{}}
,"D:\\DevProjects\\Webstorm_Projects\\LearningProjects\\cloud-humans-backend-test\\src\\models\\profile\\profile.ts": {"path":"D:\\DevProjects\\Webstorm_Projects\\LearningProjects\\cloud-humans-backend-test\\src\\models\\profile\\profile.ts","statementMap":{"0":{"start":{"line":1,"column":0},"end":{"line":1,"column":43}},"1":{"start":{"line":2,"column":0},"end":{"line":2,"column":95}},"2":{"start":{"line":4,"column":0},"end":{"line":4,"column":47}},"3":{"start":{"line":5,"column":0},"end":{"line":5,"column":53}},"4":{"start":{"line":47,"column":4},"end":{"line":47,"column":41}},"5":{"start":{"line":12,"column":2},"end":{"line":12,"column":null}},"6":{"start":{"line":20,"column":2},"end":{"line":20,"column":null}},"7":{"start":{"line":25,"column":2},"end":{"line":25,"column":null}},"8":{"start":{"line":30,"column":2},"end":{"line":30,"column":null}},"9":{"start":{"line":37,"column":2},"end":{"line":37,"column":null}},"10":{"start":{"line":41,"column":2},"end":{"line":41,"column":null}},"11":{"start":{"line":7,"column":0},"end":{"line":7,"column":13}}},"fnMap":{"0":{"name":"(anonymous_2)","decl":{"start":{"line":43,"column":2},"end":{"line":43,"column":null}},"loc":{"start":{"line":43,"column":2},"end":{"line":44,"column":3}}},"1":{"name":"(anonymous_3)","decl":{"start":{"line":46,"column":2},"end":{"line":46,"column":10}},"loc":{"start":{"line":46,"column":10},"end":{"line":48,"column":3}}}},"branchMap":{},"s":{"0":1,"1":1,"2":1,"3":1,"4":0,"5":1,"6":1,"7":1,"8":1,"9":1,"10":1,"11":1},"f":{"0":34,"1":0},"b":{}}
,"D:\\DevProjects\\Webstorm_Projects\\LearningProjects\\cloud-humans-backend-test\\src\\services\\project.service.ts": {"path":"D:\\DevProjects\\Webstorm_Projects\\LearningProjects\\cloud-humans-backend-test\\src\\services\\project.service.ts","statementMap":{"0":{"start":{"line":6,"column":4},"end":{"line":11,"column":6}},"1":{"start":{"line":3,"column":0},"end":{"line":3,"column":13}}},"fnMap":{"0":{"name":"(anonymous_0)","decl":{"start":{"line":4,"column":9},"end":{"line":4,"column":29}},"loc":{"start":{"line":4,"column":29},"end":{"line":12,"column":3}}}},"branchMap":{},"s":{"0":16,"1":1},"f":{"0":16},"b":{}}
,"D:\\DevProjects\\Webstorm_Projects\\LearningProjects\\cloud-humans-backend-test\\src\\shared\\exceptions\\http.exception.ts": {"path":"D:\\DevProjects\\Webstorm_Projects\\LearningProjects\\cloud-humans-backend-test\\src\\shared\\exceptions\\http.exception.ts","statementMap":{"0":{"start":{"line":6,"column":4},"end":{"line":6,"column":19}},"1":{"start":{"line":7,"column":4},"end":{"line":7,"column":26}},"2":{"start":{"line":8,"column":4},"end":{"line":8,"column":28}},"3":{"start":{"line":12,"column":4},"end":{"line":12,"column":24}},"4":{"start":{"line":16,"column":4},"end":{"line":16,"column":29}},"5":{"start":{"line":20,"column":4},"end":{"line":20,"column":25}},"6":{"start":{"line":24,"column":4},"end":{"line":24,"column":31}},"7":{"start":{"line":1,"column":0},"end":{"line":1,"column":13}}},"fnMap":{"0":{"name":"(anonymous_0)","decl":{"start":{"line":5,"column":2},"end":{"line":5,"column":14}},"loc":{"start":{"line":5,"column":45},"end":{"line":9,"column":3}}},"1":{"name":"(anonymous_1)","decl":{"start":{"line":11,"column":2},"end":{"line":11,"column":6}},"loc":{"start":{"line":11,"column":12},"end":{"line":13,"column":3}}},"2":{"name":"(anonymous_2)","decl":{"start":{"line":15,"column":2},"end":{"line":15,"column":6}},"loc":{"start":{"line":15,"column":30},"end":{"line":17,"column":3}}},"3":{"name":"(anonymous_3)","decl":{"start":{"line":19,"column":2},"end":{"line":19,"column":6}},"loc":{"start":{"line":19,"column":13},"end":{"line":21,"column":3}}},"4":{"name":"(anonymous_4)","decl":{"start":{"line":23,"column":2},"end":{"line":23,"column":6}},"loc":{"start":{"line":23,"column":32},"end":{"line":25,"column":3}}}},"branchMap":{},"s":{"0":1,"1":1,"2":1,"3":1,"4":0,"5":0,"6":0,"7":1},"f":{"0":1,"1":1,"2":0,"3":0,"4":0},"b":{}}
,"D:\\DevProjects\\Webstorm_Projects\\LearningProjects\\cloud-humans-backend-test\\src\\shared\\functions\\event-timestamp.function.ts": {"path":"D:\\DevProjects\\Webstorm_Projects\\LearningProjects\\cloud-humans-backend-test\\src\\shared\\functions\\event-timestamp.function.ts","statementMap":{"0":{"start":{"line":1,"column":0},"end":{"line":1,"column":33}},"1":{"start":{"line":4,"column":2},"end":{"line":4,"column":null}},"2":{"start":{"line":3,"column":0},"end":{"line":3,"column":16}}},"fnMap":{"0":{"name":"eventTimestamp","decl":{"start":{"line":3,"column":16},"end":{"line":3,"column":30}},"loc":{"start":{"line":3,"column":48},"end":{"line":5,"column":1}}}},"branchMap":{},"s":{"0":2,"1":0,"2":2},"f":{"0":0},"b":{}}
,"D:\\DevProjects\\Webstorm_Projects\\LearningProjects\\cloud-humans-backend-test\\src\\shared\\functions\\index.ts": {"path":"D:\\DevProjects\\Webstorm_Projects\\LearningProjects\\cloud-humans-backend-test\\src\\shared\\functions\\index.ts","statementMap":{"0":{"start":{"line":1,"column":0},"end":{"line":1,"column":9}},"1":{"start":{"line":4,"column":9},"end":{"line":1,"column":60}},"2":{"start":{"line":2,"column":0},"end":{"line":2,"column":9}},"3":{"start":{"line":4,"column":25},"end":{"line":2,"column":68}}},"fnMap":{"0":{"name":"(anonymous_0)","decl":{"start":{"line":4,"column":9},"end":{"line":4,"column":23}},"loc":{"start":{"line":4,"column":9},"end":{"line":1,"column":60}}},"1":{"name":"(anonymous_1)","decl":{"start":{"line":4,"column":25},"end":{"line":4,"column":42}},"loc":{"start":{"line":4,"column":25},"end":{"line":2,"column":68}}}},"branchMap":{},"s":{"0":2,"1":2,"2":2,"3":38},"f":{"0":0,"1":36},"b":{}}
,"D:\\DevProjects\\Webstorm_Projects\\LearningProjects\\cloud-humans-backend-test\\src\\shared\\functions\\is-null-or-undefined.function.ts": {"path":"D:\\DevProjects\\Webstorm_Projects\\LearningProjects\\cloud-humans-backend-test\\src\\shared\\functions\\is-null-or-undefined.function.ts","statementMap":{"0":{"start":{"line":2,"column":2},"end":{"line":2,"column":56}},"1":{"start":{"line":1,"column":0},"end":{"line":1,"column":16}}},"fnMap":{"0":{"name":"isNullOrUndefined","decl":{"start":{"line":1,"column":16},"end":{"line":1,"column":33}},"loc":{"start":{"line":1,"column":64},"end":{"line":3,"column":1}}}},"branchMap":{"0":{"loc":{"start":{"line":2,"column":9},"end":{"line":2,"column":37}},"type":"binary-expr","locations":[{"start":{"line":2,"column":9},"end":{"line":2,"column":37}},{"start":{"line":2,"column":41},"end":{"line":2,"column":55}}]}},"s":{"0":36,"1":2},"f":{"0":36},"b":{"0":[36,35]}}
,"D:\\DevProjects\\Webstorm_Projects\\LearningProjects\\cloud-humans-backend-test\\src\\shared\\middlewares\\body-validator.middleware.ts": {"path":"D:\\DevProjects\\Webstorm_Projects\\LearningProjects\\cloud-humans-backend-test\\src\\shared\\middlewares\\body-validator.middleware.ts","statementMap":{"0":{"start":{"line":1,"column":0},"end":{"line":1,"column":49}},"1":{"start":{"line":2,"column":0},"end":{"line":2,"column":60}},"2":{"start":{"line":4,"column":0},"end":{"line":4,"column":61}},"3":{"start":{"line":5,"column":0},"end":{"line":5,"column":65}},"4":{"start":{"line":8,"column":2},"end":{"line":24,"column":4}},"5":{"start":{"line":9,"column":4},"end":{"line":23,"column":11}},"6":{"start":{"line":11,"column":10},"end":{"line":18,"column":null}},"7":{"start":{"line":12,"column":28},"end":{"line":14,"column":27}},"8":{"start":{"line":13,"column":49},"end":{"line":13,"column":102}},"9":{"start":{"line":15,"column":12},"end":{"line":15,"column":51}},"10":{"start":{"line":17,"column":12},"end":{"line":17,"column":20}},"11":{"start":{"line":20,"column":10},"end":{"line":20,"column":122}},"12":{"start":{"line":21,"column":10},"end":{"line":21,"column":31}},"13":{"start":{"line":22,"column":10},"end":{"line":22,"column":99}},"14":{"start":{"line":7,"column":0},"end":{"line":7,"column":16}}},"fnMap":{"0":{"name":"bodyValidator","decl":{"start":{"line":7,"column":16},"end":{"line":7,"column":29}},"loc":{"start":{"line":7,"column":39},"end":{"line":25,"column":1}}},"1":{"name":"(anonymous_1)","decl":{"start":{"line":8,"column":9},"end":{"line":8,"column":10}},"loc":{"start":{"line":8,"column":64},"end":{"line":24,"column":3}}},"2":{"name":"(anonymous_2)","decl":{"start":{"line":10,"column":14},"end":{"line":10,"column":15}},"loc":{"start":{"line":10,"column":44},"end":{"line":19,"column":9}}},"3":{"name":"(anonymous_3)","decl":{"start":{"line":13,"column":21},"end":{"line":13,"column":22}},"loc":{"start":{"line":13,"column":49},"end":{"line":13,"column":102}}},"4":{"name":"(anonymous_4)","decl":{"start":{"line":19,"column":17},"end":{"line":19,"column":18}},"loc":{"start":{"line":19,"column":27},"end":{"line":23,"column":9}}}},"branchMap":{"0":{"loc":{"start":{"line":11,"column":10},"end":{"line":18,"column":null}},"type":"if","locations":[{"start":{"line":11,"column":10},"end":{"line":18,"column":null}},{"start":{"line":11,"column":10},"end":{"line":18,"column":null}}]},"1":{"loc":{"start":{"line":11,"column":14},"end":{"line":11,"column":40}},"type":"binary-expr","locations":[{"start":{"line":11,"column":14},"end":{"line":11,"column":40}},{"start":{"line":11,"column":44},"end":{"line":11,"column":61}}]},"2":{"loc":{"start":{"line":13,"column":49},"end":{"line":13,"column":66}},"type":"binary-expr","locations":[{"start":{"line":13,"column":49},"end":{"line":13,"column":66}},{"start":{"line":13,"column":70},"end":{"line":13,"column":102}}]}},"s":{"0":1,"1":1,"2":1,"3":1,"4":17,"5":17,"6":17,"7":0,"8":0,"9":0,"10":17,"11":0,"12":0,"13":0,"14":1},"f":{"0":17,"1":17,"2":17,"3":0,"4":0},"b":{"0":[0,17],"1":[17,17],"2":[0,0]}}
,"D:\\DevProjects\\Webstorm_Projects\\LearningProjects\\cloud-humans-backend-test\\src\\shared\\middlewares\\console-logger.middleware.ts": {"path":"D:\\DevProjects\\Webstorm_Projects\\LearningProjects\\cloud-humans-backend-test\\src\\shared\\middlewares\\console-logger.middleware.ts","statementMap":{"0":{"start":{"line":2,"column":0},"end":{"line":2,"column":46}},"1":{"start":{"line":5,"column":2},"end":{"line":5,"column":103}},"2":{"start":{"line":6,"column":2},"end":{"line":6,"column":9}},"3":{"start":{"line":4,"column":0},"end":{"line":4,"column":16}}},"fnMap":{"0":{"name":"consoleLogger","decl":{"start":{"line":4,"column":16},"end":{"line":4,"column":29}},"loc":{"start":{"line":4,"column":78},"end":{"line":7,"column":1}}}},"branchMap":{},"s":{"0":1,"1":0,"2":0,"3":1},"f":{"0":0},"b":{}}
,"D:\\DevProjects\\Webstorm_Projects\\LearningProjects\\cloud-humans-backend-test\\src\\shared\\middlewares\\error-handler.middleware.ts": {"path":"D:\\DevProjects\\Webstorm_Projects\\LearningProjects\\cloud-humans-backend-test\\src\\shared\\middlewares\\error-handler.middleware.ts","statementMap":{"0":{"start":{"line":5,"column":17},"end":{"line":5,"column":37}},"1":{"start":{"line":6,"column":18},"end":{"line":6,"column":63}},"2":{"start":{"line":7,"column":2},"end":{"line":7,"column":65}},"3":{"start":{"line":4,"column":0},"end":{"line":4,"column":16}}},"fnMap":{"0":{"name":"errorHandler","decl":{"start":{"line":4,"column":16},"end":{"line":4,"column":28}},"loc":{"start":{"line":4,"column":102},"end":{"line":8,"column":1}}}},"branchMap":{"0":{"loc":{"start":{"line":5,"column":17},"end":{"line":5,"column":30}},"type":"binary-expr","locations":[{"start":{"line":5,"column":17},"end":{"line":5,"column":30}},{"start":{"line":5,"column":34},"end":{"line":5,"column":37}}]},"1":{"loc":{"start":{"line":6,"column":18},"end":{"line":6,"column":32}},"type":"binary-expr","locations":[{"start":{"line":6,"column":18},"end":{"line":6,"column":32}},{"start":{"line":6,"column":36},"end":{"line":6,"column":63}}]}},"s":{"0":1,"1":1,"2":1,"3":1},"f":{"0":1},"b":{"0":[1,0],"1":[1,0]}}
,"D:\\DevProjects\\Webstorm_Projects\\LearningProjects\\cloud-humans-backend-test\\src\\shared\\middlewares\\index.ts": {"path":"D:\\DevProjects\\Webstorm_Projects\\LearningProjects\\cloud-humans-backend-test\\src\\shared\\middlewares\\index.ts","statementMap":{"0":{"start":{"line":1,"column":0},"end":{"line":1,"column":9}},"1":{"start":{"line":4,"column":9},"end":{"line":1,"column":60}},"2":{"start":{"line":2,"column":0},"end":{"line":2,"column":9}},"3":{"start":{"line":4,"column":24},"end":{"line":2,"column":58}}},"fnMap":{"0":{"name":"(anonymous_0)","decl":{"start":{"line":4,"column":9},"end":{"line":4,"column":22}},"loc":{"start":{"line":4,"column":9},"end":{"line":1,"column":60}}},"1":{"name":"(anonymous_1)","decl":{"start":{"line":4,"column":24},"end":{"line":4,"column":36}},"loc":{"start":{"line":4,"column":24},"end":{"line":2,"column":58}}}},"branchMap":{},"s":{"0":1,"1":1,"2":1,"3":18},"f":{"0":0,"1":17},"b":{}}
}
