TN:
SF:src\app.ts
FN:10,(anonymous_1)
FN:19,(anonymous_2)
FN:24,(anonymous_3)
FN:25,(anonymous_4)
FN:30,(anonymous_5)
FN:34,(anonymous_6)
FN:35,(anonymous_7)
FN:40,(anonymous_8)
FNF:8
FNH:6
FNDA:17,(anonymous_1)
FNDA:17,(anonymous_2)
FNDA:17,(anonymous_3)
FNDA:17,(anonymous_4)
FNDA:17,(anonymous_5)
FNDA:0,(anonymous_6)
FNDA:0,(anonymous_7)
FNDA:17,(anonymous_8)
DA:1,1
DA:3,1
DA:4,1
DA:6,1
DA:11,17
DA:12,17
DA:14,17
DA:15,17
DA:16,17
DA:20,17
DA:21,17
DA:25,17
DA:26,17
DA:31,17
DA:35,0
DA:36,0
DA:41,17
LF:17
LH:15
BRDA:12,0,0,17
BRDA:12,0,1,17
BRF:2
BRH:2
end_of_record
TN:
SF:src\controllers\profiles.controller.ts
FN:11,sortProjectsDescending
FN:28,(anonymous_1)
FN:32,(anonymous_2)
FN:50,(anonymous_3)
FN:54,(anonymous_4)
FN:59,(anonymous_5)
FN:67,(anonymous_6)
FN:76,(anonymous_7)
FN:86,(anonymous_8)
FN:101,(anonymous_9)
FN:112,(anonymous_10)
FN:119,(anonymous_11)
FN:131,(anonymous_12)
FN:134,(anonymous_13)
FN:135,(anonymous_14)
FN:137,(anonymous_15)
FN:138,(anonymous_16)
FNF:17
FNH:16
FNDA:48,sortProjectsDescending
FNDA:17,(anonymous_1)
FNDA:17,(anonymous_2)
FNDA:0,(anonymous_3)
FNDA:17,(anonymous_4)
FNDA:17,(anonymous_5)
FNDA:16,(anonymous_6)
FNDA:16,(anonymous_7)
FNDA:16,(anonymous_8)
FNDA:16,(anonymous_9)
FNDA:16,(anonymous_10)
FNDA:16,(anonymous_11)
FNDA:59,(anonymous_12)
FNDA:64,(anonymous_13)
FNDA:9,(anonymous_14)
FNDA:64,(anonymous_15)
FNDA:55,(anonymous_16)
DA:1,1
DA:2,1
DA:4,1
DA:5,1
DA:6,1
DA:7,1
DA:9,1
DA:12,48
DA:13,0
DA:14,48
DA:15,48
DA:17,0
DA:21,1
DA:22,17
DA:23,17
DA:25,17
DA:26,17
DA:29,17
DA:33,17
DA:37,17
DA:51,0
DA:55,17
DA:56,17
DA:60,17
DA:61,1
DA:63,16
DA:64,16
DA:68,16
DA:69,1
DA:70,15
DA:71,1
DA:73,16
DA:77,16
DA:78,2
DA:80,16
DA:81,2
DA:83,16
DA:87,16
DA:88,1
DA:89,15
DA:90,1
DA:93,16
DA:94,1
DA:95,15
DA:96,1
DA:98,16
DA:102,16
DA:103,1
DA:104,15
DA:105,15
DA:107,0
DA:109,16
DA:113,16
DA:114,1
DA:116,16
DA:120,16
DA:121,16
DA:123,16
DA:130,16
DA:131,59
DA:133,16
DA:134,64
DA:135,9
DA:136,16
DA:137,64
DA:138,55
DA:140,16
LF:67
LH:63
BRDA:12,0,0,0
BRDA:12,0,1,48
BRDA:14,1,0,48
BRDA:14,1,1,0
BRDA:60,2,0,1
BRDA:60,2,1,16
BRDA:68,3,0,1
BRDA:68,3,1,15
BRDA:70,4,0,1
BRDA:70,4,1,14
BRDA:77,5,0,2
BRDA:77,5,1,14
BRDA:80,6,0,2
BRDA:80,6,1,14
BRDA:87,7,0,1
BRDA:87,7,1,15
BRDA:89,8,0,1
BRDA:89,8,1,14
BRDA:93,9,0,1
BRDA:93,9,1,15
BRDA:95,10,0,1
BRDA:95,10,1,14
BRDA:102,11,0,1
BRDA:102,11,1,15
BRDA:104,12,0,15
BRDA:104,12,1,0
BRDA:113,13,0,1
BRDA:113,13,1,15
BRDA:113,14,0,16
BRDA:113,14,1,1
BRDA:130,15,0,16
BRDA:130,15,1,12
BRF:32
BRH:29
end_of_record
TN:
SF:src\models\profile\internet-test.ts
FNF:0
FNH:0
DA:1,1
DA:3,1
DA:7,1
DA:12,1
LF:4
LH:4
BRF:0
BRH:0
end_of_record
TN:
SF:src\models\profile\past-experiences.ts
FNF:0
FNH:0
DA:1,1
DA:3,1
DA:5,1
DA:7,1
LF:4
LH:4
BRF:0
BRH:0
end_of_record
TN:
SF:src\models\profile\profile.ts
FN:43,(anonymous_2)
FN:46,(anonymous_3)
FNF:2
FNH:1
FNDA:34,(anonymous_2)
FNDA:0,(anonymous_3)
DA:1,1
DA:2,1
DA:4,1
DA:5,1
DA:7,1
DA:12,1
DA:20,1
DA:25,1
DA:30,1
DA:37,1
DA:41,1
DA:47,0
LF:12
LH:11
BRF:0
BRH:0
end_of_record
TN:
SF:src\services\project.service.ts
FN:4,(anonymous_0)
FNF:1
FNH:1
FNDA:16,(anonymous_0)
DA:3,1
DA:6,16
LF:2
LH:2
BRF:0
BRH:0
end_of_record
TN:
SF:src\shared\exceptions\http.exception.ts
FN:5,(anonymous_0)
FN:11,(anonymous_1)
FN:15,(anonymous_2)
FN:19,(anonymous_3)
FN:23,(anonymous_4)
FNF:5
FNH:2
FNDA:1,(anonymous_0)
FNDA:1,(anonymous_1)
FNDA:0,(anonymous_2)
FNDA:0,(anonymous_3)
FNDA:0,(anonymous_4)
DA:1,1
DA:6,1
DA:7,1
DA:8,1
DA:12,1
DA:16,0
DA:20,0
DA:24,0
LF:8
LH:5
BRF:0
BRH:0
end_of_record
TN:
SF:src\shared\functions\event-timestamp.function.ts
FN:3,eventTimestamp
FNF:1
FNH:0
FNDA:0,eventTimestamp
DA:1,2
DA:3,2
DA:4,0
LF:3
LH:2
BRF:0
BRH:0
end_of_record
TN:
SF:src\shared\functions\index.ts
FN:4,(anonymous_0)
FN:4,(anonymous_1)
FNF:2
FNH:1
FNDA:0,(anonymous_0)
FNDA:36,(anonymous_1)
DA:1,2
DA:2,2
DA:4,38
LF:3
LH:3
BRF:0
BRH:0
end_of_record
TN:
SF:src\shared\functions\is-null-or-undefined.function.ts
FN:1,isNullOrUndefined
FNF:1
FNH:1
FNDA:36,isNullOrUndefined
DA:1,2
DA:2,36
LF:2
LH:2
BRDA:2,0,0,36
BRDA:2,0,1,35
BRF:2
BRH:2
end_of_record
TN:
SF:src\shared\middlewares\body-validator.middleware.ts
FN:7,bodyValidator
FN:8,(anonymous_1)
FN:10,(anonymous_2)
FN:13,(anonymous_3)
FN:19,(anonymous_4)
FNF:5
FNH:3
FNDA:17,bodyValidator
FNDA:17,(anonymous_1)
FNDA:17,(anonymous_2)
FNDA:0,(anonymous_3)
FNDA:0,(anonymous_4)
DA:1,1
DA:2,1
DA:4,1
DA:5,1
DA:7,1
DA:8,17
DA:9,17
DA:11,17
DA:12,0
DA:13,0
DA:15,0
DA:17,17
DA:20,0
DA:21,0
DA:22,0
LF:15
LH:9
BRDA:11,0,0,0
BRDA:11,0,1,17
BRDA:11,1,0,17
BRDA:11,1,1,17
BRDA:13,2,0,0
BRDA:13,2,1,0
BRF:6
BRH:3
end_of_record
TN:
SF:src\shared\middlewares\console-logger.middleware.ts
FN:4,consoleLogger
FNF:1
FNH:0
FNDA:0,consoleLogger
DA:2,1
DA:4,1
DA:5,0
DA:6,0
LF:4
LH:2
BRF:0
BRH:0
end_of_record
TN:
SF:src\shared\middlewares\error-handler.middleware.ts
FN:4,errorHandler
FNF:1
FNH:1
FNDA:1,errorHandler
DA:4,1
DA:5,1
DA:6,1
DA:7,1
LF:4
LH:4
BRDA:5,0,0,1
BRDA:5,0,1,0
BRDA:6,1,0,1
BRDA:6,1,1,0
BRF:4
BRH:2
end_of_record
TN:
SF:src\shared\middlewares\index.ts
FN:4,(anonymous_0)
FN:4,(anonymous_1)
FNF:2
FNH:1
FNDA:0,(anonymous_0)
FNDA:17,(anonymous_1)
DA:1,1
DA:2,1
DA:4,18
LF:3
LH:3
BRF:0
BRH:0
end_of_record
